0 info it worked if it ends with ok
1 verbose cli [ 'node', '/usr/local/bin/npm', 'install' ]
2 info using npm@2.10.1
3 info using node@v0.12.4
4 verbose readDependencies loading dependencies from /Users/hectorip/Development/Erlang/Phoenix/event_reminders/package.json
5 warn package.json @ No license field.
6 verbose install where, deps [ '/Users/hectorip/Development/Erlang/Phoenix/event_reminders',
6 verbose install   [ 'brunch',
6 verbose install     'babel-brunch',
6 verbose install     'clean-css-brunch',
6 verbose install     'css-brunch',
6 verbose install     'javascript-brunch',
6 verbose install     'sass-brunch',
6 verbose install     'uglify-js-brunch' ] ]
7 verbose install where, peers [ '/Users/hectorip/Development/Erlang/Phoenix/event_reminders',
7 verbose install   [] ]
8 verbose installManyTop reading for lifecycle /Users/hectorip/Development/Erlang/Phoenix/event_reminders/package.json
9 info preinstall @
10 verbose installManyTop reading scoped package data from /Users/hectorip/Development/Erlang/Phoenix/event_reminders/node_modules/babel-brunch/package.json
11 verbose installManyTop reading scoped package data from /Users/hectorip/Development/Erlang/Phoenix/event_reminders/node_modules/brunch/package.json
12 verbose installManyTop reading scoped package data from /Users/hectorip/Development/Erlang/Phoenix/event_reminders/node_modules/clean-css-brunch/package.json
13 verbose installManyTop reading scoped package data from /Users/hectorip/Development/Erlang/Phoenix/event_reminders/node_modules/css-brunch/package.json
14 verbose installManyTop reading scoped package data from /Users/hectorip/Development/Erlang/Phoenix/event_reminders/node_modules/javascript-brunch/package.json
15 verbose installManyTop reading scoped package data from /Users/hectorip/Development/Erlang/Phoenix/event_reminders/node_modules/sass-brunch/package.json
16 verbose installManyTop reading scoped package data from /Users/hectorip/Development/Erlang/Phoenix/event_reminders/node_modules/uglify-js-brunch/package.json
17 info package.json babel-brunch@4.0.0 No license field.
18 info package.json brunch@1.7.20 No license field.
19 info package.json clean-css-brunch@1.7.2 No license field.
20 info package.json css-brunch@1.7.0 No license field.
21 info package.json javascript-brunch@1.7.1 No license field.
22 info package.json sass-brunch@1.8.10 No license field.
23 info package.json uglify-js-brunch@1.7.8 No license field.
24 verbose readDependencies loading dependencies from /Users/hectorip/Development/Erlang/Phoenix/event_reminders/package.json
25 verbose targetResolver reading package data from /Users/hectorip/Development/Erlang/Phoenix/event_reminders/node_modules/babel-brunch/package.json
26 verbose targetResolver reading package data from /Users/hectorip/Development/Erlang/Phoenix/event_reminders/node_modules/brunch/package.json
27 verbose targetResolver reading package data from /Users/hectorip/Development/Erlang/Phoenix/event_reminders/node_modules/clean-css-brunch/package.json
28 verbose targetResolver reading package data from /Users/hectorip/Development/Erlang/Phoenix/event_reminders/node_modules/css-brunch/package.json
29 verbose targetResolver reading package data from /Users/hectorip/Development/Erlang/Phoenix/event_reminders/node_modules/javascript-brunch/package.json
30 verbose targetResolver reading package data from /Users/hectorip/Development/Erlang/Phoenix/event_reminders/node_modules/sass-brunch/package.json
31 verbose targetResolver reading package data from /Users/hectorip/Development/Erlang/Phoenix/event_reminders/node_modules/uglify-js-brunch/package.json
32 verbose targetResolver reading package data from /Users/hectorip/Development/Erlang/Phoenix/event_reminders/node_modules/.bin/brunch/package.json
33 verbose already installed skipping clean-css-brunch@>= 1.0 < 1.8 /Users/hectorip/Development/Erlang/Phoenix/event_reminders
34 verbose already installed skipping css-brunch@>= 1.0 < 1.8 /Users/hectorip/Development/Erlang/Phoenix/event_reminders
35 verbose already installed skipping javascript-brunch@>= 1.0 < 1.8 /Users/hectorip/Development/Erlang/Phoenix/event_reminders
36 silly cache add args [ 'sass-brunch@git://github.com/brunch/sass-brunch.git#master',
36 silly cache add   null ]
37 verbose cache add spec sass-brunch@git://github.com/brunch/sass-brunch.git#master
38 verbose already installed skipping uglify-js-brunch@>= 1.0 < 1.8 /Users/hectorip/Development/Erlang/Phoenix/event_reminders
39 silly cache add args [ 'brunch@git://github.com/brunch/brunch.git#5176b6b4bf70cd8cb9dad0058dd3e83e8d983218',
39 silly cache add   null ]
40 verbose cache add spec brunch@git://github.com/brunch/brunch.git#5176b6b4bf70cd8cb9dad0058dd3e83e8d983218
41 verbose already installed skipping babel-brunch@^4.0.0 /Users/hectorip/Development/Erlang/Phoenix/event_reminders
42 silly cache add parsed spec { raw: 'sass-brunch@git://github.com/brunch/sass-brunch.git#master',
42 silly cache add   scope: null,
42 silly cache add   name: 'sass-brunch',
42 silly cache add   rawSpec: 'git://github.com/brunch/sass-brunch.git#master',
42 silly cache add   spec: 'git://github.com/brunch/sass-brunch.git#master',
42 silly cache add   type: 'hosted',
42 silly cache add   hosted:
42 silly cache add    { type: 'github',
42 silly cache add      ssh: 'git@github.com:brunch/sass-brunch.git#master',
42 silly cache add      sshUrl: 'git+ssh://git@github.com/brunch/sass-brunch.git#master',
42 silly cache add      httpsUrl: 'git+https://github.com/brunch/sass-brunch.git#master',
42 silly cache add      gitUrl: 'git://github.com/brunch/sass-brunch.git#master',
42 silly cache add      shortcut: 'github:brunch/sass-brunch#master',
42 silly cache add      directUrl: 'https://raw.githubusercontent.com/brunch/sass-brunch/master/package.json' } }
43 verbose addRemoteGit caching git://github.com/brunch/sass-brunch.git#master
44 verbose addRemoteGit git://github.com/brunch/sass-brunch.git#master is a repository hosted by github
45 silly tryClone cloning git://github.com/brunch/sass-brunch.git#master via git://github.com/brunch/sass-brunch.git#master
46 verbose tryClone git-github-com-brunch-sass-brunch-git-f3380f26 not in flight; caching
47 silly cache add parsed spec { raw: 'brunch@git://github.com/brunch/brunch.git#5176b6b4bf70cd8cb9dad0058dd3e83e8d983218',
47 silly cache add   scope: null,
47 silly cache add   name: 'brunch',
47 silly cache add   rawSpec: 'git://github.com/brunch/brunch.git#5176b6b4bf70cd8cb9dad0058dd3e83e8d983218',
47 silly cache add   spec: 'git://github.com/brunch/brunch.git#5176b6b4bf70cd8cb9dad0058dd3e83e8d983218',
47 silly cache add   type: 'hosted',
47 silly cache add   hosted:
47 silly cache add    { type: 'github',
47 silly cache add      ssh: 'git@github.com:brunch/brunch.git#5176b6b4bf70cd8cb9dad0058dd3e83e8d983218',
47 silly cache add      sshUrl: 'git+ssh://git@github.com/brunch/brunch.git#5176b6b4bf70cd8cb9dad0058dd3e83e8d983218',
47 silly cache add      httpsUrl: 'git+https://github.com/brunch/brunch.git#5176b6b4bf70cd8cb9dad0058dd3e83e8d983218',
47 silly cache add      gitUrl: 'git://github.com/brunch/brunch.git#5176b6b4bf70cd8cb9dad0058dd3e83e8d983218',
47 silly cache add      shortcut: 'github:brunch/brunch#5176b6b4bf70cd8cb9dad0058dd3e83e8d983218',
47 silly cache add      directUrl: 'https://raw.githubusercontent.com/brunch/brunch/5176b6b4bf70cd8cb9dad0058dd3e83e8d983218/package.json' } }
48 verbose addRemoteGit caching git://github.com/brunch/brunch.git#5176b6b4bf70cd8cb9dad0058dd3e83e8d983218
49 verbose addRemoteGit git://github.com/brunch/brunch.git#5176b6b4bf70cd8cb9dad0058dd3e83e8d983218 is a repository hosted by github
50 silly tryClone cloning git://github.com/brunch/brunch.git#5176b6b4bf70cd8cb9dad0058dd3e83e8d983218 via git://github.com/brunch/brunch.git#5176b6b4bf70cd8cb9dad0058dd3e83e8d983218
51 verbose tryClone git-github-com-brunch-brunch-git-38e1a23e not in flight; caching
52 info git [ 'clone',
52 info git   '--template=/Users/hectorip/.npm/_git-remotes/_templates',
52 info git   '--mirror',
52 info git   'git://github.com/brunch/brunch.git',
52 info git   '/Users/hectorip/.npm/_git-remotes/git-github-com-brunch-brunch-git-38e1a23e' ]
53 info git [ 'clone',
53 info git   '--template=/Users/hectorip/.npm/_git-remotes/_templates',
53 info git   '--mirror',
53 info git   'git://github.com/brunch/sass-brunch.git',
53 info git   '/Users/hectorip/.npm/_git-remotes/git-github-com-brunch-sass-brunch-git-f3380f26' ]
54 verbose mirrorRemote git://github.com/brunch/sass-brunch.git#master git clone git://github.com/brunch/sass-brunch.git
55 verbose setPermissions git://github.com/brunch/sass-brunch.git#master set permissions on /Users/hectorip/.npm/_git-remotes/git-github-com-brunch-sass-brunch-git-f3380f26
56 verbose resolveHead git://github.com/brunch/sass-brunch.git#master original treeish: master
57 info git [ 'rev-list', '-n1', 'master' ]
58 silly resolveHead git://github.com/brunch/sass-brunch.git#master resolved treeish: 2abdc5ba77794c46d7a43b5e0933bd0963f10bbf
59 verbose resolveHead git://github.com/brunch/sass-brunch.git#master resolved Git URL: git://github.com/brunch/sass-brunch.git#2abdc5ba77794c46d7a43b5e0933bd0963f10bbf
60 silly resolveHead Git working directory: /var/folders/1s/c95yqfjx0s178p54l7mbbr_80000gp/T/npm-33265-90043d16/git-cache-c88e0b53d84b/2abdc5ba77794c46d7a43b5e0933bd0963f10bbf
61 info git [ 'clone',
61 info git   '/Users/hectorip/.npm/_git-remotes/git-github-com-brunch-sass-brunch-git-f3380f26',
61 info git   '/var/folders/1s/c95yqfjx0s178p54l7mbbr_80000gp/T/npm-33265-90043d16/git-cache-c88e0b53d84b/2abdc5ba77794c46d7a43b5e0933bd0963f10bbf' ]
62 verbose cloneResolved git://github.com/brunch/sass-brunch.git#master clone Cloning into '/var/folders/1s/c95yqfjx0s178p54l7mbbr_80000gp/T/npm-33265-90043d16/git-cache-c88e0b53d84b/2abdc5ba77794c46d7a43b5e0933bd0963f10bbf'...
62 verbose cloneResolved done.
63 info git [ 'checkout', '2abdc5ba77794c46d7a43b5e0933bd0963f10bbf' ]
64 verbose checkoutTreeish git://github.com/brunch/sass-brunch.git#master checkout Note: checking out '2abdc5ba77794c46d7a43b5e0933bd0963f10bbf'.
64 verbose checkoutTreeish
64 verbose checkoutTreeish You are in 'detached HEAD' state. You can look around, make experimental
64 verbose checkoutTreeish changes and commit them, and you can discard any commits you make in this
64 verbose checkoutTreeish state without impacting any branches by performing another checkout.
64 verbose checkoutTreeish
64 verbose checkoutTreeish If you want to create a new branch to retain commits you create, you may
64 verbose checkoutTreeish do so (now or later) by using -b with the checkout command again. Example:
64 verbose checkoutTreeish
64 verbose checkoutTreeish   git checkout -b new_branch_name
64 verbose checkoutTreeish
64 verbose checkoutTreeish HEAD is now at 2abdc5b... Merge pull request #76 from smumu/master
65 verbose addLocalDirectory /Users/hectorip/.npm/sass-brunch/1.8.10/package.tgz not in flight; packing
66 verbose tar pack [ '/Users/hectorip/.npm/sass-brunch/1.8.10/package.tgz',
66 verbose tar pack   '/var/folders/1s/c95yqfjx0s178p54l7mbbr_80000gp/T/npm-33265-90043d16/git-cache-c88e0b53d84b/2abdc5ba77794c46d7a43b5e0933bd0963f10bbf' ]
67 verbose tarball /Users/hectorip/.npm/sass-brunch/1.8.10/package.tgz
68 verbose folder /var/folders/1s/c95yqfjx0s178p54l7mbbr_80000gp/T/npm-33265-90043d16/git-cache-c88e0b53d84b/2abdc5ba77794c46d7a43b5e0933bd0963f10bbf
69 verbose addLocalTarball adding from inside cache /Users/hectorip/.npm/sass-brunch/1.8.10/package.tgz
70 verbose addRemoteGit data._from: git://github.com/brunch/sass-brunch.git#master
71 verbose addRemoteGit data._resolved: git://github.com/brunch/sass-brunch.git#2abdc5ba77794c46d7a43b5e0933bd0963f10bbf
72 silly cache afterAdd sass-brunch@1.8.10
73 verbose afterAdd /Users/hectorip/.npm/sass-brunch/1.8.10/package/package.json not in flight; writing
74 verbose afterAdd /Users/hectorip/.npm/sass-brunch/1.8.10/package/package.json written
75 verbose mirrorRemote git://github.com/brunch/brunch.git#5176b6b4bf70cd8cb9dad0058dd3e83e8d983218 git clone git://github.com/brunch/brunch.git
76 verbose setPermissions git://github.com/brunch/brunch.git#5176b6b4bf70cd8cb9dad0058dd3e83e8d983218 set permissions on /Users/hectorip/.npm/_git-remotes/git-github-com-brunch-brunch-git-38e1a23e
77 verbose resolveHead git://github.com/brunch/brunch.git#5176b6b4bf70cd8cb9dad0058dd3e83e8d983218 original treeish: 5176b6b4bf70cd8cb9dad0058dd3e83e8d983218
78 info git [ 'rev-list', '-n1', '5176b6b4bf70cd8cb9dad0058dd3e83e8d983218' ]
79 silly resolveHead git://github.com/brunch/brunch.git#5176b6b4bf70cd8cb9dad0058dd3e83e8d983218 resolved treeish: 5176b6b4bf70cd8cb9dad0058dd3e83e8d983218
80 verbose resolveHead git://github.com/brunch/brunch.git#5176b6b4bf70cd8cb9dad0058dd3e83e8d983218 resolved Git URL: git://github.com/brunch/brunch.git#5176b6b4bf70cd8cb9dad0058dd3e83e8d983218
81 silly resolveHead Git working directory: /var/folders/1s/c95yqfjx0s178p54l7mbbr_80000gp/T/npm-33265-90043d16/git-cache-217149d7338c/5176b6b4bf70cd8cb9dad0058dd3e83e8d983218
82 info git [ 'clone',
82 info git   '/Users/hectorip/.npm/_git-remotes/git-github-com-brunch-brunch-git-38e1a23e',
82 info git   '/var/folders/1s/c95yqfjx0s178p54l7mbbr_80000gp/T/npm-33265-90043d16/git-cache-217149d7338c/5176b6b4bf70cd8cb9dad0058dd3e83e8d983218' ]
83 verbose cloneResolved git://github.com/brunch/brunch.git#5176b6b4bf70cd8cb9dad0058dd3e83e8d983218 clone Cloning into '/var/folders/1s/c95yqfjx0s178p54l7mbbr_80000gp/T/npm-33265-90043d16/git-cache-217149d7338c/5176b6b4bf70cd8cb9dad0058dd3e83e8d983218'...
83 verbose cloneResolved done.
84 info git [ 'checkout', '5176b6b4bf70cd8cb9dad0058dd3e83e8d983218' ]
85 verbose checkoutTreeish git://github.com/brunch/brunch.git#5176b6b4bf70cd8cb9dad0058dd3e83e8d983218 checkout Note: checking out '5176b6b4bf70cd8cb9dad0058dd3e83e8d983218'.
85 verbose checkoutTreeish
85 verbose checkoutTreeish You are in 'detached HEAD' state. You can look around, make experimental
85 verbose checkoutTreeish changes and commit them, and you can discard any commits you make in this
85 verbose checkoutTreeish state without impacting any branches by performing another checkout.
85 verbose checkoutTreeish
85 verbose checkoutTreeish If you want to create a new branch to retain commits you create, you may
85 verbose checkoutTreeish do so (now or later) by using -b with the checkout command again. Example:
85 verbose checkoutTreeish
85 verbose checkoutTreeish   git checkout -b new_branch_name
85 verbose checkoutTreeish
85 verbose checkoutTreeish HEAD is now at 5176b6b... Merge pull request #922 from josevalim/patch-1
86 verbose addLocalDirectory /Users/hectorip/.npm/brunch/1.7.20/package.tgz not in flight; packing
87 verbose tar pack [ '/Users/hectorip/.npm/brunch/1.7.20/package.tgz',
87 verbose tar pack   '/var/folders/1s/c95yqfjx0s178p54l7mbbr_80000gp/T/npm-33265-90043d16/git-cache-217149d7338c/5176b6b4bf70cd8cb9dad0058dd3e83e8d983218' ]
88 verbose tarball /Users/hectorip/.npm/brunch/1.7.20/package.tgz
89 verbose folder /var/folders/1s/c95yqfjx0s178p54l7mbbr_80000gp/T/npm-33265-90043d16/git-cache-217149d7338c/5176b6b4bf70cd8cb9dad0058dd3e83e8d983218
90 verbose addLocalTarball adding from inside cache /Users/hectorip/.npm/brunch/1.7.20/package.tgz
91 verbose addRemoteGit data._from: git://github.com/brunch/brunch.git#5176b6b4bf70cd8cb9dad0058dd3e83e8d983218
92 verbose addRemoteGit data._resolved: git://github.com/brunch/brunch.git#5176b6b4bf70cd8cb9dad0058dd3e83e8d983218
93 silly cache afterAdd brunch@1.7.20
94 verbose afterAdd /Users/hectorip/.npm/brunch/1.7.20/package/package.json not in flight; writing
95 verbose afterAdd /Users/hectorip/.npm/brunch/1.7.20/package/package.json written
96 silly install resolved [ { name: 'sass-brunch',
96 silly install resolved     version: '1.8.10',
96 silly install resolved     description: 'Adds Sass support to brunch.',
96 silly install resolved     author: { name: 'Paul Miller', url: 'http://paulmillr.com/' },
96 silly install resolved     homepage: 'https://github.com/brunch/sass-brunch',
96 silly install resolved     keywords:
96 silly install resolved      [ 'brunch',
96 silly install resolved        'brunch-plugin',
96 silly install resolved        'brunch-compiler',
96 silly install resolved        'sass',
96 silly install resolved        'scss',
96 silly install resolved        'libsass',
96 silly install resolved        'node-sass' ],
96 silly install resolved     repository:
96 silly install resolved      { type: 'git',
96 silly install resolved        url: 'git+ssh://git@github.com/brunch/sass-brunch.git' },
96 silly install resolved     scripts: { test: 'mocha' },
96 silly install resolved     dependencies:
96 silly install resolved      { 'node-sass': '>=1.0.1 <3.0.0',
96 silly install resolved        progeny: '~0.5.1',
96 silly install resolved        promise: '^6.0.0' },
96 silly install resolved     devDependencies: { mocha: '^2.0.1', chai: '^1.9.2' },
96 silly install resolved     gitHead: '2abdc5ba77794c46d7a43b5e0933bd0963f10bbf',
96 silly install resolved     readme: '## sass-brunch\nAdds Sass support to\n[brunch](http://brunch.io).\n\n## Usage\nInstall the plugin via npm with `npm install --save sass-brunch`.\n\nOr, do manual install:\n\n* Add `"sass-brunch": "x.y.z"` to `package.json` of your brunch app.\n  Pick a plugin version that corresponds to your minor (y) brunch version.\n* If you want to use git version of plugin, add\n`"sass-brunch": "git+ssh://git@github.com:brunch/sass-brunch.git"`.\n\n### Options\nThe default compilation method is libsass, with an automatic revert to the sass\nruby gem for `.sass` files or if `compass` is `@import`ed. It is possible to\nset a particular mode regardless of automatic detection. If using a \nlibsass-compatible compass replacement such as\n[compass-mixins](https://github.com/Igosuki/compass-mixins), it is necessary to\nset `native` mode.\n\n```coffeescript\nconfig =\n  plugins:\n    sass:\n      mode: \'ruby\' # set to \'native\' to force libsass\n```\n\nSet additional include paths:\n```coffeescript\nconfig =\n  plugins:\n    sass:\n      options:\n        includePaths: [\'bower_components/foundation/scss\']\n```\n\nPrint line number references as comments or sass\'s FireSass fake media query:\n\n```coffeescript\nconfig =\n  plugins:\n    sass:\n      debug: \'comments\' # or set to \'debug\' for the FireSass-style output\n```\n\nAllow the ruby compiler to write its normal cache files in `.sass-cache` (disabled by default).\nThis can vastly improve compilation time.\n\n```coffeescript\nconfig =\n  plugins:\n    sass:\n      allowCache: true\n```\n\nTo include the source files\' name/path in either debug mode, create a parent file that `@include` your actual sass/scss source. Make sure the source files are renamed to start with an underscore (`_file.scss`), or otherwise exclude them from the build so they don\'t get double-included.\n\nTo pass any other options to sass:\n\n```coffeescript\nconfig =\n  plugins:\n    sass:\n      options: [\'--quiet\']\n```\n\nUse sass/compass installed in custom location:\n```coffeescript\nconfig =\n  plugins:\n    sass:\n      gem_home: \'./gems\'\n```\nThis could be useful for the environment which doesn\'t allow to install gems globally, such as CI server.\n\n## License\n\nThe MIT License (MIT)\n\nCopyright (c) 2012-2013 Paul Miller (http://paulmillr.com)\n\nPermission is hereby granted, free of charge, to any person obtaining a copy\nof this software and associated documentation files (the "Software"), to deal\nin the Software without restriction, including without limitation the rights\nto use, copy, modify, merge, publish, distribute, sublicense, and/or sell\ncopies of the Software, and to permit persons to whom the Software is\nfurnished to do so, subject to the following conditions:\n\nThe above copyright notice and this permission notice shall be included in\nall copies or substantial portions of the Software.\n\nTHE SOFTWARE IS PROVIDED "AS IS", WITHOUT WARRANTY OF ANY KIND, EXPRESS OR\nIMPLIED, INCLUDING BUT NOT LIMITED TO THE WARRANTIES OF MERCHANTABILITY,\nFITNESS FOR A PARTICULAR PURPOSE AND NONINFRINGEMENT. IN NO EVENT SHALL THE\nAUTHORS OR COPYRIGHT HOLDERS BE LIABLE FOR ANY CLAIM, DAMAGES OR OTHER\nLIABILITY, WHETHER IN AN ACTION OF CONTRACT, TORT OR OTHERWISE, ARISING FROM,\nOUT OF OR IN CONNECTION WITH THE SOFTWARE OR THE USE OR OTHER DEALINGS IN\nTHE SOFTWARE.\n',
96 silly install resolved     readmeFilename: 'README.md',
96 silly install resolved     bugs: { url: 'https://github.com/brunch/sass-brunch/issues' },
96 silly install resolved     _id: 'sass-brunch@1.8.10',
96 silly install resolved     _shasum: '7941f449c727632e51dca8e27b07b62346490818',
96 silly install resolved     _from: 'git://github.com/brunch/sass-brunch.git#master',
96 silly install resolved     _resolved: 'git://github.com/brunch/sass-brunch.git#2abdc5ba77794c46d7a43b5e0933bd0963f10bbf' },
96 silly install resolved   { name: 'brunch',
96 silly install resolved     description: 'A lightweight approach to building HTML5 applications with emphasis on elegance and simplicity',
96 silly install resolved     version: '1.7.20',
96 silly install resolved     keywords:
96 silly install resolved      [ 'assembler',
96 silly install resolved        'builder',
96 silly install resolved        'stack',
96 silly install resolved        'chaplin',
96 silly install resolved        'backbone',
96 silly install resolved        'ember',
96 silly install resolved        'angular',
96 silly install resolved        'html5' ],
96 silly install resolved     homepage: 'http://brunch.io/',
96 silly install resolved     author: { name: 'Brunch team', url: 'http://brunch.io' },
96 silly install resolved     repository: { type: 'git', url: 'git+https://github.com/brunch/brunch.git' },
96 silly install resolved     bugs: { url: 'http://github.com/brunch/brunch/issues' },
96 silly install resolved     licenses: [ [Object] ],
96 silly install resolved     main: './lib/index',
96 silly install resolved     bin: { brunch: './bin/brunch' },
96 silly install resolved     scripts:
96 silly install resolved      { prepublish: 'node setup.js prepublish',
96 silly install resolved        postpublish: 'node setup.js postpublish',
96 silly install resolved        test: 'node setup.js test',
96 silly install resolved        postinstall: 'node setup.js postinstall' },
96 silly install resolved     preferGlobal: true,
96 silly install resolved     dependencies:
96 silly install resolved      { anymatch: '~1.0.0',
96 silly install resolved        anysort: '~1.0.0',
96 silly install resolved        'async-each': '~0.1.2',
96 silly install resolved        'async-waterfall': '~0.1.2',
96 silly install resolved        chokidar: '~0.12.0',
96 silly install resolved        'coffee-script': '~1.9.0',
96 silly install resolved        commander: '~2.0.0',
96 silly install resolved        'commonjs-require-definition': '~0.1.0',
96 silly install resolved        debug: '~2.1.1',
96 silly install resolved        fcache: '~0.1.0',
96 silly install resolved        'init-skeleton': '~0.3.0',
96 silly install resolved        loggy: '~0.2.0',
96 silly install resolved        mkdirp: '~0.5.0',
96 silly install resolved        ncp: '~1.0.1',
96 silly install resolved        pushserve: '~0.1.6',
96 silly install resolved        'read-components': '~0.6.0',
96 silly install resolved        'source-map': '~0.1.35' },
96 silly install resolved     devDependencies:
96 silly install resolved      { mocha: '~1.12.0',
96 silly install resolved        chai: '~1.7.0',
96 silly install resolved        rewire: '~1.1.3',
96 silly install resolved        express: '~3.3.0' },
96 silly install resolved     gitHead: '5176b6b4bf70cd8cb9dad0058dd3e83e8d983218',
96 silly install resolved     readme: '# Brunch\n\n[![NPM](https://nodei.co/npm/brunch.png?compact=true)](https://nodei.co/npm/brunch/)  \n[![NPM](https://nodei.co/npm-dl/brunch.png)](https://nodei.co/npm/brunch/)\n\nHTML5 applications made easy.\n\nBrunch is a build tool for front-end web applications. It\'s agnostic to\nframeworks, libraries, programming, stylesheet & templating languages and\nbackend technology.\n\n**[Brunch Documentation](https://github.com/brunch/brunch/tree/stable/docs)**\n\nMore information located on [brunch.io](http://brunch.io).\n\n* Project twitter: [@brunch](http://twitter.com/brunch)\n* Project forum: http://ost.io/@brunch/brunch\n\nInstall the latest stable version: `npm install -g brunch`\n(use `sudo` if necessary)\n\nTo install edge version (from github master branch): \n`npm install -g brunch/brunch`\nor\n`npm install -g https://github.com/brunch/brunch/tarball/master`\n\n## License\nBrunch is released under the [MIT License](https://raw.github.com/brunch/brunch/master/LICENSE)\n',
96 silly install resolved     readmeFilename: 'README.md',
96 silly install resolved     _id: 'brunch@1.7.20',
96 silly install resolved     _shasum: '64c96439d038c9b319ad1425dd4047385fd35bd8',
96 silly install resolved     _from: 'git://github.com/brunch/brunch.git#5176b6b4bf70cd8cb9dad0058dd3e83e8d983218',
96 silly install resolved     _resolved: 'git://github.com/brunch/brunch.git#5176b6b4bf70cd8cb9dad0058dd3e83e8d983218' } ]
97 info install sass-brunch@1.8.10 into /Users/hectorip/Development/Erlang/Phoenix/event_reminders
98 info install brunch@1.7.20 into /Users/hectorip/Development/Erlang/Phoenix/event_reminders
99 info installOne sass-brunch@1.8.10
100 verbose installOne of sass-brunch to /Users/hectorip/Development/Erlang/Phoenix/event_reminders not in flight; installing
101 info installOne brunch@1.7.20
102 verbose installOne of brunch to /Users/hectorip/Development/Erlang/Phoenix/event_reminders not in flight; installing
103 verbose lock using /Users/hectorip/.npm/_locks/sass-brunch-fc27f981b3159206.lock for /Users/hectorip/Development/Erlang/Phoenix/event_reminders/node_modules/sass-brunch
104 verbose lock using /Users/hectorip/.npm/_locks/brunch-21ed17a44cd58fad.lock for /Users/hectorip/Development/Erlang/Phoenix/event_reminders/node_modules/brunch
105 silly install write writing sass-brunch 1.8.10 to /Users/hectorip/Development/Erlang/Phoenix/event_reminders/node_modules/sass-brunch
106 silly install write writing brunch 1.7.20 to /Users/hectorip/Development/Erlang/Phoenix/event_reminders/node_modules/brunch
107 verbose unbuild node_modules/sass-brunch
108 verbose unbuild node_modules/brunch
109 info preuninstall sass-brunch@1.8.10
110 info uninstall sass-brunch@1.8.10
111 verbose unbuild rmStuff sass-brunch@1.8.10 from /Users/hectorip/Development/Erlang/Phoenix/event_reminders/node_modules
112 info postuninstall sass-brunch@1.8.10
113 info preuninstall brunch@1.7.20
114 silly gentlyRm /Users/hectorip/Development/Erlang/Phoenix/event_reminders/node_modules/sass-brunch is being purged from base /Users/hectorip/Development/Erlang/Phoenix/event_reminders
115 verbose gentlyRm don't care about contents; nuking /Users/hectorip/Development/Erlang/Phoenix/event_reminders/node_modules/sass-brunch
116 silly vacuum-fs purging /Users/hectorip/Development/Erlang/Phoenix/event_reminders/node_modules/sass-brunch
117 info uninstall brunch@1.7.20
118 verbose unbuild rmStuff brunch@1.7.20 from /Users/hectorip/Development/Erlang/Phoenix/event_reminders/node_modules
119 silly gentlyRm /Users/hectorip/Development/Erlang/Phoenix/event_reminders/node_modules/.bin/brunch is being gently removed
120 silly gentlyRm verifying /Users/hectorip/Development/Erlang/Phoenix/event_reminders is an npm working directory
121 silly gentlyRm containing path /Users/hectorip/Development/Erlang/Phoenix/event_reminders is under npm's control, in /Users/hectorip/Development/Erlang/Phoenix/event_reminders
122 silly gentlyRm deletion target /Users/hectorip/Development/Erlang/Phoenix/event_reminders/node_modules/.bin/brunch is under /Users/hectorip/Development/Erlang/Phoenix/event_reminders
123 verbose gentlyRm vacuuming from /Users/hectorip/Development/Erlang/Phoenix/event_reminders/node_modules/.bin/brunch up to /Users/hectorip/Development/Erlang/Phoenix/event_reminders
124 silly vacuum-fs removing /Users/hectorip/Development/Erlang/Phoenix/event_reminders/node_modules/.bin/brunch
125 verbose unlock done using /Users/hectorip/.npm/_locks/brunch-21ed17a44cd58fad.lock for /Users/hectorip/Development/Erlang/Phoenix/event_reminders/node_modules/brunch
126 verbose unlock done using /Users/hectorip/.npm/_locks/sass-brunch-fc27f981b3159206.lock for /Users/hectorip/Development/Erlang/Phoenix/event_reminders/node_modules/sass-brunch
127 verbose stack Error: EACCES, unlink '/Users/hectorip/Development/Erlang/Phoenix/event_reminders/node_modules/.bin/brunch'
127 verbose stack     at Error (native)
128 verbose cwd /Users/hectorip/Development/Erlang/Phoenix/event_reminders
129 error Darwin 14.3.0
130 error argv "node" "/usr/local/bin/npm" "install"
131 error node v0.12.4
132 error npm  v2.10.1
133 error path /Users/hectorip/Development/Erlang/Phoenix/event_reminders/node_modules/.bin/brunch
134 error code EACCES
135 error errno -13
136 error Error: EACCES, unlink '/Users/hectorip/Development/Erlang/Phoenix/event_reminders/node_modules/.bin/brunch'
136 error     at Error (native)
136 error  { [Error: EACCES, unlink '/Users/hectorip/Development/Erlang/Phoenix/event_reminders/node_modules/.bin/brunch']
136 error   errno: -13,
136 error   code: 'EACCES',
136 error   path: '/Users/hectorip/Development/Erlang/Phoenix/event_reminders/node_modules/.bin/brunch' }
137 error Please try running this command again as root/Administrator.
138 verbose exit [ -13, true ]
139 verbose unbuild node_modules/brunch
140 info preuninstall brunch@1.7.20
141 info uninstall brunch@1.7.20
142 verbose unbuild rmStuff brunch@1.7.20 from /Users/hectorip/Development/Erlang/Phoenix/event_reminders/node_modules
143 silly gentlyRm /Users/hectorip/Development/Erlang/Phoenix/event_reminders/node_modules/.bin/brunch is being gently removed
144 silly gentlyRm verifying /Users/hectorip/Development/Erlang/Phoenix/event_reminders is an npm working directory
145 silly gentlyRm containing path /Users/hectorip/Development/Erlang/Phoenix/event_reminders is under npm's control, in /Users/hectorip/Development/Erlang/Phoenix/event_reminders
146 silly gentlyRm deletion target /Users/hectorip/Development/Erlang/Phoenix/event_reminders/node_modules/.bin/brunch is under /Users/hectorip/Development/Erlang/Phoenix/event_reminders
147 verbose gentlyRm vacuuming from /Users/hectorip/Development/Erlang/Phoenix/event_reminders/node_modules/.bin/brunch up to /Users/hectorip/Development/Erlang/Phoenix/event_reminders
148 silly vacuum-fs removing /Users/hectorip/Development/Erlang/Phoenix/event_reminders/node_modules/.bin/brunch
149 error error rolling back Error: EACCES, unlink '/Users/hectorip/Development/Erlang/Phoenix/event_reminders/node_modules/.bin/brunch'
149 error error rolling back     at Error (native)
149 error error rolling back  { [Error: EACCES, unlink '/Users/hectorip/Development/Erlang/Phoenix/event_reminders/node_modules/.bin/brunch']
149 error error rolling back   errno: -13,
149 error error rolling back   code: 'EACCES',
149 error error rolling back   path: '/Users/hectorip/Development/Erlang/Phoenix/event_reminders/node_modules/.bin/brunch' }
